[2020-05-12 20:34:25.763] [main] [INFO ] [c.e.b.BusinessCodePitApplication:55] - Starting BusinessCodePitApplication on DESKTOP-6RN4T04 with PID 13440 (F:\GeekTime\business-code-pit\target\classes started by Administrator in F:\GeekTime\business-code-pit)
[2020-05-12 20:34:41.083] [main] [INFO ] [c.e.b.BusinessCodePitApplication:651] - No active profile set, falling back to default profiles: default
[2020-05-12 20:34:43.322] [main] [INFO ] [o.s.b.w.embedded.tomcat.TomcatWebServer:92] - Tomcat initialized with port(s): 8080 (http)
[2020-05-12 20:34:49.397] [main] [INFO ] [o.apache.coyote.http11.Http11NioProtocol:173] - Initializing ProtocolHandler ["http-nio-8080"]
[2020-05-12 20:34:51.410] [main] [INFO ] [org.apache.catalina.core.StandardService:173] - Starting service [Tomcat]
[2020-05-12 20:34:51.411] [main] [INFO ] [org.apache.catalina.core.StandardEngine:173] - Starting Servlet engine: [Apache Tomcat/9.0.31]
[2020-05-12 20:34:51.589] [main] [INFO ] [o.a.c.c.C.[Tomcat].[localhost].[/]:173] - Initializing Spring embedded WebApplicationContext
[2020-05-12 20:34:51.590] [main] [INFO ] [o.s.web.context.ContextLoader:284] - Root WebApplicationContext: initialization completed in 9685 ms
[2020-05-12 20:34:51.845] [main] [INFO ] [o.s.s.concurrent.ThreadPoolTaskExecutor:181] - Initializing ExecutorService 'applicationTaskExecutor'
[2020-05-12 20:34:52.093] [main] [INFO ] [o.apache.coyote.http11.Http11NioProtocol:173] - Starting ProtocolHandler ["http-nio-8080"]
[2020-05-12 20:34:52.138] [main] [INFO ] [o.s.b.w.embedded.tomcat.TomcatWebServer:204] - Tomcat started on port(s): 8080 (http) with context path ''
[2020-05-12 20:34:52.143] [main] [INFO ] [c.e.b.BusinessCodePitApplication:61] - Started BusinessCodePitApplication in 27.859 seconds (JVM running for 29.817)
[2020-05-12 20:35:06.500] [http-nio-8080-exec-2] [INFO ] [o.a.c.c.C.[Tomcat].[localhost].[/]:173] - Initializing Spring DispatcherServlet 'dispatcherServlet'
[2020-05-12 20:35:06.502] [http-nio-8080-exec-2] [INFO ] [o.s.web.servlet.DispatcherServlet:525] - Initializing Servlet 'dispatcherServlet'
[2020-05-12 20:35:06.515] [http-nio-8080-exec-2] [INFO ] [o.s.web.servlet.DispatcherServlet:547] - Completed initialization in 13 ms
[2020-05-12 20:35:06.574] [http-nio-8080-exec-2] [INFO ] [c.e.b.thirteen.TestLogController:24] - info
[2020-05-12 20:35:06.576] [http-nio-8080-exec-2] [WARN ] [c.e.b.thirteen.TestLogController:25] - warn
[2020-05-12 20:35:06.577] [http-nio-8080-exec-2] [ERROR] [c.e.b.thirteen.TestLogController:26] - error
[2020-05-12 20:39:52.168] [SpringContextShutdownHook] [INFO ] [o.s.s.concurrent.ThreadPoolTaskExecutor:218] - Shutting down ExecutorService 'applicationTaskExecutor'
[2020-05-12 20:40:17.951] [main] [ERROR] [o.springframework.boot.SpringApplication:826] - Application run failed
java.lang.IllegalStateException: Logback configuration error detected: 
ERROR in ch.qos.logback.core.joran.spi.Interpreter@35:25 - no applicable action for [onMisMatch], current ElementPath  is [[configuration][appender][filter][onMisMatch]]
	at org.springframework.boot.logging.logback.LogbackLoggingSystem.loadConfiguration(LogbackLoggingSystem.java:169)
	at org.springframework.boot.logging.AbstractLoggingSystem.initializeWithConventions(AbstractLoggingSystem.java:80)
	at org.springframework.boot.logging.AbstractLoggingSystem.initialize(AbstractLoggingSystem.java:60)
	at org.springframework.boot.logging.logback.LogbackLoggingSystem.initialize(LogbackLoggingSystem.java:118)
	at org.springframework.boot.context.logging.LoggingApplicationListener.initializeSystem(LoggingApplicationListener.java:313)
	at org.springframework.boot.context.logging.LoggingApplicationListener.initialize(LoggingApplicationListener.java:288)
	at org.springframework.boot.context.logging.LoggingApplicationListener.onApplicationEnvironmentPreparedEvent(LoggingApplicationListener.java:246)
	at org.springframework.boot.context.logging.LoggingApplicationListener.onApplicationEvent(LoggingApplicationListener.java:223)
	at org.springframework.context.event.SimpleApplicationEventMulticaster.doInvokeListener(SimpleApplicationEventMulticaster.java:172)
	at org.springframework.context.event.SimpleApplicationEventMulticaster.invokeListener(SimpleApplicationEventMulticaster.java:165)
	at org.springframework.context.event.SimpleApplicationEventMulticaster.multicastEvent(SimpleApplicationEventMulticaster.java:139)
	at org.springframework.context.event.SimpleApplicationEventMulticaster.multicastEvent(SimpleApplicationEventMulticaster.java:127)
	at org.springframework.boot.context.event.EventPublishingRunListener.environmentPrepared(EventPublishingRunListener.java:76)
	at org.springframework.boot.SpringApplicationRunListeners.environmentPrepared(SpringApplicationRunListeners.java:53)
	at org.springframework.boot.SpringApplication.prepareEnvironment(SpringApplication.java:345)
	at org.springframework.boot.SpringApplication.run(SpringApplication.java:308)
	at org.springframework.boot.SpringApplication.run(SpringApplication.java:1226)
	at org.springframework.boot.SpringApplication.run(SpringApplication.java:1215)
	at com.example.businesscodepit.BusinessCodePitApplication.main(BusinessCodePitApplication.java:10)
[2020-05-12 22:18:47.650] [main] [ERROR] [o.springframework.boot.SpringApplication:826] - Application run failed
java.lang.IllegalStateException: Logback configuration error detected: 
ERROR in ch.qos.logback.core.joran.spi.Interpreter@40:25 - no applicable action for [onMisMatch], current ElementPath  is [[configuration][appender][filter][onMisMatch]]
	at org.springframework.boot.logging.logback.LogbackLoggingSystem.loadConfiguration(LogbackLoggingSystem.java:169)
	at org.springframework.boot.logging.AbstractLoggingSystem.initializeWithConventions(AbstractLoggingSystem.java:80)
	at org.springframework.boot.logging.AbstractLoggingSystem.initialize(AbstractLoggingSystem.java:60)
	at org.springframework.boot.logging.logback.LogbackLoggingSystem.initialize(LogbackLoggingSystem.java:118)
	at org.springframework.boot.context.logging.LoggingApplicationListener.initializeSystem(LoggingApplicationListener.java:313)
	at org.springframework.boot.context.logging.LoggingApplicationListener.initialize(LoggingApplicationListener.java:288)
	at org.springframework.boot.context.logging.LoggingApplicationListener.onApplicationEnvironmentPreparedEvent(LoggingApplicationListener.java:246)
	at org.springframework.boot.context.logging.LoggingApplicationListener.onApplicationEvent(LoggingApplicationListener.java:223)
	at org.springframework.context.event.SimpleApplicationEventMulticaster.doInvokeListener(SimpleApplicationEventMulticaster.java:172)
	at org.springframework.context.event.SimpleApplicationEventMulticaster.invokeListener(SimpleApplicationEventMulticaster.java:165)
	at org.springframework.context.event.SimpleApplicationEventMulticaster.multicastEvent(SimpleApplicationEventMulticaster.java:139)
	at org.springframework.context.event.SimpleApplicationEventMulticaster.multicastEvent(SimpleApplicationEventMulticaster.java:127)
	at org.springframework.boot.context.event.EventPublishingRunListener.environmentPrepared(EventPublishingRunListener.java:76)
	at org.springframework.boot.SpringApplicationRunListeners.environmentPrepared(SpringApplicationRunListeners.java:53)
	at org.springframework.boot.SpringApplication.prepareEnvironment(SpringApplication.java:345)
	at org.springframework.boot.SpringApplication.run(SpringApplication.java:308)
	at org.springframework.boot.SpringApplication.run(SpringApplication.java:1226)
	at org.springframework.boot.SpringApplication.run(SpringApplication.java:1215)
	at com.example.businesscodepit.BusinessCodePitApplication.main(BusinessCodePitApplication.java:10)
[2020-05-12 22:19:38.366] [main] [ERROR] [o.springframework.boot.SpringApplication:826] - Application run failed
java.lang.IllegalStateException: Logback configuration error detected: 
ERROR in ch.qos.logback.core.joran.spi.Interpreter@40:25 - no applicable action for [onMisMatch], current ElementPath  is [[configuration][appender][filter][onMisMatch]]
	at org.springframework.boot.logging.logback.LogbackLoggingSystem.loadConfiguration(LogbackLoggingSystem.java:169)
	at org.springframework.boot.logging.AbstractLoggingSystem.initializeWithConventions(AbstractLoggingSystem.java:80)
	at org.springframework.boot.logging.AbstractLoggingSystem.initialize(AbstractLoggingSystem.java:60)
	at org.springframework.boot.logging.logback.LogbackLoggingSystem.initialize(LogbackLoggingSystem.java:118)
	at org.springframework.boot.context.logging.LoggingApplicationListener.initializeSystem(LoggingApplicationListener.java:313)
	at org.springframework.boot.context.logging.LoggingApplicationListener.initialize(LoggingApplicationListener.java:288)
	at org.springframework.boot.context.logging.LoggingApplicationListener.onApplicationEnvironmentPreparedEvent(LoggingApplicationListener.java:246)
	at org.springframework.boot.context.logging.LoggingApplicationListener.onApplicationEvent(LoggingApplicationListener.java:223)
	at org.springframework.context.event.SimpleApplicationEventMulticaster.doInvokeListener(SimpleApplicationEventMulticaster.java:172)
	at org.springframework.context.event.SimpleApplicationEventMulticaster.invokeListener(SimpleApplicationEventMulticaster.java:165)
	at org.springframework.context.event.SimpleApplicationEventMulticaster.multicastEvent(SimpleApplicationEventMulticaster.java:139)
	at org.springframework.context.event.SimpleApplicationEventMulticaster.multicastEvent(SimpleApplicationEventMulticaster.java:127)
	at org.springframework.boot.context.event.EventPublishingRunListener.environmentPrepared(EventPublishingRunListener.java:76)
	at org.springframework.boot.SpringApplicationRunListeners.environmentPrepared(SpringApplicationRunListeners.java:53)
	at org.springframework.boot.SpringApplication.prepareEnvironment(SpringApplication.java:345)
	at org.springframework.boot.SpringApplication.run(SpringApplication.java:308)
	at org.springframework.boot.SpringApplication.run(SpringApplication.java:1226)
	at org.springframework.boot.SpringApplication.run(SpringApplication.java:1215)
	at com.example.businesscodepit.BusinessCodePitApplication.main(BusinessCodePitApplication.java:10)
[2020-05-12 22:19:55.211] [main] [INFO ] [c.e.b.BusinessCodePitApplication:55] - Starting BusinessCodePitApplication on DESKTOP-6RN4T04 with PID 12308 (F:\GeekTime\business-code-pit\target\classes started by Administrator in F:\GeekTime\business-code-pit)
[2020-05-12 22:19:55.245] [main] [INFO ] [c.e.b.BusinessCodePitApplication:651] - No active profile set, falling back to default profiles: default
[2020-05-12 22:19:57.463] [main] [INFO ] [o.s.b.w.embedded.tomcat.TomcatWebServer:92] - Tomcat initialized with port(s): 8080 (http)
[2020-05-12 22:19:57.483] [main] [INFO ] [o.apache.coyote.http11.Http11NioProtocol:173] - Initializing ProtocolHandler ["http-nio-8080"]
[2020-05-12 22:19:57.484] [main] [INFO ] [org.apache.catalina.core.StandardService:173] - Starting service [Tomcat]
[2020-05-12 22:19:57.485] [main] [INFO ] [org.apache.catalina.core.StandardEngine:173] - Starting Servlet engine: [Apache Tomcat/9.0.31]
[2020-05-12 22:19:57.705] [main] [INFO ] [o.a.c.c.C.[Tomcat].[localhost].[/]:173] - Initializing Spring embedded WebApplicationContext
[2020-05-12 22:19:57.706] [main] [INFO ] [o.s.web.context.ContextLoader:284] - Root WebApplicationContext: initialization completed in 2133 ms
[2020-05-12 22:19:58.175] [main] [INFO ] [o.s.s.concurrent.ThreadPoolTaskExecutor:181] - Initializing ExecutorService 'applicationTaskExecutor'
[2020-05-12 22:19:58.568] [main] [INFO ] [o.apache.coyote.http11.Http11NioProtocol:173] - Starting ProtocolHandler ["http-nio-8080"]
[2020-05-12 22:19:58.622] [main] [INFO ] [o.s.b.w.embedded.tomcat.TomcatWebServer:204] - Tomcat started on port(s): 8080 (http) with context path ''
[2020-05-12 22:19:58.629] [main] [INFO ] [c.e.b.BusinessCodePitApplication:61] - Started BusinessCodePitApplication in 5.355 seconds (JVM running for 7.108)
[2020-05-12 22:20:57.564] [SpringContextShutdownHook] [INFO ] [o.s.s.concurrent.ThreadPoolTaskExecutor:218] - Shutting down ExecutorService 'applicationTaskExecutor'
[2020-05-12 22:21:04.935] [main] [ERROR] [o.springframework.boot.SpringApplication:826] - Application run failed
java.lang.IllegalStateException: Logback configuration error detected: 
ERROR in ch.qos.logback.core.joran.spi.Interpreter@40:25 - no applicable action for [onMisMatch], current ElementPath  is [[configuration][appender][filter][onMisMatch]]
	at org.springframework.boot.logging.logback.LogbackLoggingSystem.loadConfiguration(LogbackLoggingSystem.java:169)
	at org.springframework.boot.logging.AbstractLoggingSystem.initializeWithConventions(AbstractLoggingSystem.java:80)
	at org.springframework.boot.logging.AbstractLoggingSystem.initialize(AbstractLoggingSystem.java:60)
	at org.springframework.boot.logging.logback.LogbackLoggingSystem.initialize(LogbackLoggingSystem.java:118)
	at org.springframework.boot.context.logging.LoggingApplicationListener.initializeSystem(LoggingApplicationListener.java:313)
	at org.springframework.boot.context.logging.LoggingApplicationListener.initialize(LoggingApplicationListener.java:288)
	at org.springframework.boot.context.logging.LoggingApplicationListener.onApplicationEnvironmentPreparedEvent(LoggingApplicationListener.java:246)
	at org.springframework.boot.context.logging.LoggingApplicationListener.onApplicationEvent(LoggingApplicationListener.java:223)
	at org.springframework.context.event.SimpleApplicationEventMulticaster.doInvokeListener(SimpleApplicationEventMulticaster.java:172)
	at org.springframework.context.event.SimpleApplicationEventMulticaster.invokeListener(SimpleApplicationEventMulticaster.java:165)
	at org.springframework.context.event.SimpleApplicationEventMulticaster.multicastEvent(SimpleApplicationEventMulticaster.java:139)
	at org.springframework.context.event.SimpleApplicationEventMulticaster.multicastEvent(SimpleApplicationEventMulticaster.java:127)
	at org.springframework.boot.context.event.EventPublishingRunListener.environmentPrepared(EventPublishingRunListener.java:76)
	at org.springframework.boot.SpringApplicationRunListeners.environmentPrepared(SpringApplicationRunListeners.java:53)
	at org.springframework.boot.SpringApplication.prepareEnvironment(SpringApplication.java:345)
	at org.springframework.boot.SpringApplication.run(SpringApplication.java:308)
	at org.springframework.boot.SpringApplication.run(SpringApplication.java:1226)
	at org.springframework.boot.SpringApplication.run(SpringApplication.java:1215)
	at com.example.businesscodepit.BusinessCodePitApplication.main(BusinessCodePitApplication.java:10)
[2020-05-12 22:21:32.001] [main] [INFO ] [c.e.b.BusinessCodePitApplication:55] - Starting BusinessCodePitApplication on DESKTOP-6RN4T04 with PID 12520 (F:\GeekTime\business-code-pit\target\classes started by Administrator in F:\GeekTime\business-code-pit)
[2020-05-12 22:21:32.027] [main] [INFO ] [c.e.b.BusinessCodePitApplication:651] - No active profile set, falling back to default profiles: default
[2020-05-12 22:21:34.124] [main] [INFO ] [o.s.b.w.embedded.tomcat.TomcatWebServer:92] - Tomcat initialized with port(s): 8080 (http)
[2020-05-12 22:21:34.146] [main] [INFO ] [o.apache.coyote.http11.Http11NioProtocol:173] - Initializing ProtocolHandler ["http-nio-8080"]
[2020-05-12 22:21:34.147] [main] [INFO ] [org.apache.catalina.core.StandardService:173] - Starting service [Tomcat]
[2020-05-12 22:21:34.148] [main] [INFO ] [org.apache.catalina.core.StandardEngine:173] - Starting Servlet engine: [Apache Tomcat/9.0.31]
[2020-05-12 22:21:34.408] [main] [INFO ] [o.a.c.c.C.[Tomcat].[localhost].[/]:173] - Initializing Spring embedded WebApplicationContext
[2020-05-12 22:21:34.409] [main] [INFO ] [o.s.web.context.ContextLoader:284] - Root WebApplicationContext: initialization completed in 2263 ms
[2020-05-12 22:21:34.928] [main] [INFO ] [o.s.s.concurrent.ThreadPoolTaskExecutor:181] - Initializing ExecutorService 'applicationTaskExecutor'
[2020-05-12 22:21:35.436] [main] [INFO ] [o.apache.coyote.http11.Http11NioProtocol:173] - Starting ProtocolHandler ["http-nio-8080"]
[2020-05-12 22:21:35.518] [main] [INFO ] [o.s.b.w.embedded.tomcat.TomcatWebServer:204] - Tomcat started on port(s): 8080 (http) with context path ''
[2020-05-12 22:21:35.527] [main] [INFO ] [c.e.b.BusinessCodePitApplication:61] - Started BusinessCodePitApplication in 4.793 seconds (JVM running for 6.536)
[2020-05-12 22:22:49.941] [SpringContextShutdownHook] [INFO ] [o.s.s.concurrent.ThreadPoolTaskExecutor:218] - Shutting down ExecutorService 'applicationTaskExecutor'
